

Started GET "/" for ::1 at 2016-03-04 11:28:15 +0100

ActiveRecord::NoDatabaseError (FATAL:  database "jrdevjobhunt-back_development" does not exist
):
  activerecord (4.2.5.1) lib/active_record/connection_adapters/postgresql_adapter.rb:661:in `rescue in connect'
  activerecord (4.2.5.1) lib/active_record/connection_adapters/postgresql_adapter.rb:651:in `connect'
  activerecord (4.2.5.1) lib/active_record/connection_adapters/postgresql_adapter.rb:242:in `initialize'
  activerecord (4.2.5.1) lib/active_record/connection_adapters/postgresql_adapter.rb:44:in `new'
  activerecord (4.2.5.1) lib/active_record/connection_adapters/postgresql_adapter.rb:44:in `postgresql_connection'
  activerecord (4.2.5.1) lib/active_record/connection_adapters/abstract/connection_pool.rb:438:in `new_connection'
  activerecord (4.2.5.1) lib/active_record/connection_adapters/abstract/connection_pool.rb:448:in `checkout_new_connection'
  activerecord (4.2.5.1) lib/active_record/connection_adapters/abstract/connection_pool.rb:422:in `acquire_connection'
  activerecord (4.2.5.1) lib/active_record/connection_adapters/abstract/connection_pool.rb:349:in `block in checkout'
  /Users/irisbune/.rbenv/versions/2.2.1/lib/ruby/2.2.0/monitor.rb:211:in `mon_synchronize'
  activerecord (4.2.5.1) lib/active_record/connection_adapters/abstract/connection_pool.rb:348:in `checkout'
  activerecord (4.2.5.1) lib/active_record/connection_adapters/abstract/connection_pool.rb:263:in `block in connection'
  /Users/irisbune/.rbenv/versions/2.2.1/lib/ruby/2.2.0/monitor.rb:211:in `mon_synchronize'
  activerecord (4.2.5.1) lib/active_record/connection_adapters/abstract/connection_pool.rb:262:in `connection'
  activerecord (4.2.5.1) lib/active_record/connection_adapters/abstract/connection_pool.rb:571:in `retrieve_connection'
  activerecord (4.2.5.1) lib/active_record/connection_handling.rb:113:in `retrieve_connection'
  activerecord (4.2.5.1) lib/active_record/connection_handling.rb:87:in `connection'
  activerecord (4.2.5.1) lib/active_record/migration.rb:383:in `connection'
  activerecord (4.2.5.1) lib/active_record/migration.rb:370:in `call'
  actionpack (4.2.5.1) lib/action_dispatch/middleware/callbacks.rb:29:in `block in call'
  activesupport (4.2.5.1) lib/active_support/callbacks.rb:88:in `__run_callbacks__'
  activesupport (4.2.5.1) lib/active_support/callbacks.rb:778:in `_run_call_callbacks'
  activesupport (4.2.5.1) lib/active_support/callbacks.rb:81:in `run_callbacks'
  actionpack (4.2.5.1) lib/action_dispatch/middleware/callbacks.rb:27:in `call'
  actionpack (4.2.5.1) lib/action_dispatch/middleware/reloader.rb:73:in `call'
  actionpack (4.2.5.1) lib/action_dispatch/middleware/remote_ip.rb:78:in `call'
  actionpack (4.2.5.1) lib/action_dispatch/middleware/debug_exceptions.rb:17:in `call'
  web-console (2.3.0) lib/web_console/middleware.rb:28:in `block in call'
  web-console (2.3.0) lib/web_console/middleware.rb:18:in `catch'
  web-console (2.3.0) lib/web_console/middleware.rb:18:in `call'
  actionpack (4.2.5.1) lib/action_dispatch/middleware/show_exceptions.rb:30:in `call'
  railties (4.2.5.1) lib/rails/rack/logger.rb:38:in `call_app'
  railties (4.2.5.1) lib/rails/rack/logger.rb:20:in `block in call'
  activesupport (4.2.5.1) lib/active_support/tagged_logging.rb:68:in `block in tagged'
  activesupport (4.2.5.1) lib/active_support/tagged_logging.rb:26:in `tagged'
  activesupport (4.2.5.1) lib/active_support/tagged_logging.rb:68:in `tagged'
  railties (4.2.5.1) lib/rails/rack/logger.rb:20:in `call'
  actionpack (4.2.5.1) lib/action_dispatch/middleware/request_id.rb:21:in `call'
  rack (1.6.4) lib/rack/methodoverride.rb:22:in `call'
  rack (1.6.4) lib/rack/runtime.rb:18:in `call'
  activesupport (4.2.5.1) lib/active_support/cache/strategy/local_cache_middleware.rb:28:in `call'
  rack (1.6.4) lib/rack/lock.rb:17:in `call'
  actionpack (4.2.5.1) lib/action_dispatch/middleware/static.rb:116:in `call'
  rack (1.6.4) lib/rack/sendfile.rb:113:in `call'
  railties (4.2.5.1) lib/rails/engine.rb:518:in `call'
  railties (4.2.5.1) lib/rails/application.rb:165:in `call'
  rack (1.6.4) lib/rack/lock.rb:17:in `call'
  rack (1.6.4) lib/rack/content_length.rb:15:in `call'
  rack (1.6.4) lib/rack/handler/webrick.rb:88:in `service'
  /Users/irisbune/.rbenv/versions/2.2.1/lib/ruby/2.2.0/webrick/httpserver.rb:138:in `service'
  /Users/irisbune/.rbenv/versions/2.2.1/lib/ruby/2.2.0/webrick/httpserver.rb:94:in `run'
  /Users/irisbune/.rbenv/versions/2.2.1/lib/ruby/2.2.0/webrick/server.rb:294:in `block in start_thread'


  Rendered /Users/irisbune/.rbenv/versions/2.2.1/lib/ruby/gems/2.2.0/gems/actionpack-4.2.5.1/lib/action_dispatch/middleware/templates/rescues/_source.erb (5.0ms)
  Rendered /Users/irisbune/.rbenv/versions/2.2.1/lib/ruby/gems/2.2.0/gems/actionpack-4.2.5.1/lib/action_dispatch/middleware/templates/rescues/_trace.html.erb (2.0ms)
  Rendered /Users/irisbune/.rbenv/versions/2.2.1/lib/ruby/gems/2.2.0/gems/actionpack-4.2.5.1/lib/action_dispatch/middleware/templates/rescues/_request_and_response.html.erb (1.1ms)
  Rendered /Users/irisbune/.rbenv/versions/2.2.1/lib/ruby/gems/2.2.0/gems/actionpack-4.2.5.1/lib/action_dispatch/middleware/templates/rescues/diagnostics.html.erb within rescues/layout (82.2ms)
  Rendered /Users/irisbune/.rbenv/versions/2.2.1/lib/ruby/gems/2.2.0/gems/web-console-2.3.0/lib/web_console/templates/_markup.html.erb (0.6ms)
  Rendered /Users/irisbune/.rbenv/versions/2.2.1/lib/ruby/gems/2.2.0/gems/web-console-2.3.0/lib/web_console/templates/_inner_console_markup.html.erb within layouts/inlined_string (0.4ms)
  Rendered /Users/irisbune/.rbenv/versions/2.2.1/lib/ruby/gems/2.2.0/gems/web-console-2.3.0/lib/web_console/templates/_prompt_box_markup.html.erb within layouts/inlined_string (0.6ms)
  Rendered /Users/irisbune/.rbenv/versions/2.2.1/lib/ruby/gems/2.2.0/gems/web-console-2.3.0/lib/web_console/templates/style.css.erb within layouts/inlined_string (0.4ms)
  Rendered /Users/irisbune/.rbenv/versions/2.2.1/lib/ruby/gems/2.2.0/gems/web-console-2.3.0/lib/web_console/templates/console.js.erb within layouts/javascript (83.9ms)
  Rendered /Users/irisbune/.rbenv/versions/2.2.1/lib/ruby/gems/2.2.0/gems/web-console-2.3.0/lib/web_console/templates/main.js.erb within layouts/javascript (0.4ms)
  Rendered /Users/irisbune/.rbenv/versions/2.2.1/lib/ruby/gems/2.2.0/gems/web-console-2.3.0/lib/web_console/templates/error_page.js.erb within layouts/javascript (0.5ms)
  Rendered /Users/irisbune/.rbenv/versions/2.2.1/lib/ruby/gems/2.2.0/gems/web-console-2.3.0/lib/web_console/templates/index.html.erb (183.9ms)
  [1m[36m (26.6ms)[0m  [1mCREATE TABLE "schema_migrations" ("version" character varying NOT NULL) [0m
  [1m[35m (2.1ms)[0m  CREATE UNIQUE INDEX  "unique_schema_migrations" ON "schema_migrations"  ("version")
  [1m[36mActiveRecord::SchemaMigration Load (0.4ms)[0m  [1mSELECT "schema_migrations".* FROM "schema_migrations"[0m
Migrating to DeviseCreateCompanies (20160304104439)
  [1m[35m (0.2ms)[0m  BEGIN
  [1m[36m (29.0ms)[0m  [1mCREATE TABLE "companies" ("id" serial primary key, "email" character varying DEFAULT '' NOT NULL, "encrypted_password" character varying DEFAULT '' NOT NULL, "reset_password_token" character varying, "reset_password_sent_at" timestamp, "remember_created_at" timestamp, "sign_in_count" integer DEFAULT 0 NOT NULL, "current_sign_in_at" timestamp, "last_sign_in_at" timestamp, "current_sign_in_ip" inet, "last_sign_in_ip" inet, "created_at" timestamp NOT NULL, "updated_at" timestamp NOT NULL) [0m
  [1m[35m (1.0ms)[0m  CREATE UNIQUE INDEX  "index_companies_on_email" ON "companies"  ("email")
  [1m[36m (0.9ms)[0m  [1mCREATE UNIQUE INDEX  "index_companies_on_reset_password_token" ON "companies"  ("reset_password_token")[0m
  [1m[35mSQL (0.3ms)[0m  INSERT INTO "schema_migrations" ("version") VALUES ($1)  [["version", "20160304104439"]]
  [1m[36m (6.1ms)[0m  [1mCOMMIT[0m
  [1m[35mActiveRecord::SchemaMigration Load (0.3ms)[0m  SELECT "schema_migrations".* FROM "schema_migrations"
  [1m[36m (2.2ms)[0m  [1mSELECT t2.oid::regclass::text AS to_table, a1.attname AS column, a2.attname AS primary_key, c.conname AS name, c.confupdtype AS on_update, c.confdeltype AS on_delete
FROM pg_constraint c
JOIN pg_class t1 ON c.conrelid = t1.oid
JOIN pg_class t2 ON c.confrelid = t2.oid
JOIN pg_attribute a1 ON a1.attnum = c.conkey[1] AND a1.attrelid = t1.oid
JOIN pg_attribute a2 ON a2.attnum = c.confkey[1] AND a2.attrelid = t2.oid
JOIN pg_namespace t3 ON c.connamespace = t3.oid
WHERE c.contype = 'f'
  AND t1.relname = 'companies'
  AND t3.nspname = ANY (current_schemas(false))
ORDER BY c.conname
[0m


Started GET "/" for ::1 at 2016-03-04 11:45:41 +0100
  [1m[36mActiveRecord::SchemaMigration Load (0.4ms)[0m  [1mSELECT "schema_migrations".* FROM "schema_migrations"[0m
Processing by Rails::WelcomeController#index as HTML
  Rendered /Users/irisbune/.rbenv/versions/2.2.1/lib/ruby/gems/2.2.0/gems/railties-4.2.5.1/lib/rails/templates/rails/welcome/index.html.erb (2.0ms)
Completed 200 OK in 23ms (Views: 12.4ms | ActiveRecord: 0.0ms)


Started GET "/" for ::1 at 2016-03-04 11:54:12 +0100
Processing by Rails::WelcomeController#index as HTML
  Rendered /Users/irisbune/.rbenv/versions/2.2.1/lib/ruby/gems/2.2.0/gems/railties-4.2.5.1/lib/rails/templates/rails/welcome/index.html.erb (0.1ms)
Completed 200 OK in 3ms (Views: 2.7ms | ActiveRecord: 0.0ms)


Started GET "/companies/signup" for ::1 at 2016-03-04 11:54:20 +0100

ActionController::RoutingError (No route matches [GET] "/companies/signup"):
  actionpack (4.2.5.1) lib/action_dispatch/middleware/debug_exceptions.rb:21:in `call'
  web-console (2.3.0) lib/web_console/middleware.rb:28:in `block in call'
  web-console (2.3.0) lib/web_console/middleware.rb:18:in `catch'
  web-console (2.3.0) lib/web_console/middleware.rb:18:in `call'
  actionpack (4.2.5.1) lib/action_dispatch/middleware/show_exceptions.rb:30:in `call'
  railties (4.2.5.1) lib/rails/rack/logger.rb:38:in `call_app'
  railties (4.2.5.1) lib/rails/rack/logger.rb:20:in `block in call'
  activesupport (4.2.5.1) lib/active_support/tagged_logging.rb:68:in `block in tagged'
  activesupport (4.2.5.1) lib/active_support/tagged_logging.rb:26:in `tagged'
  activesupport (4.2.5.1) lib/active_support/tagged_logging.rb:68:in `tagged'
  railties (4.2.5.1) lib/rails/rack/logger.rb:20:in `call'
  actionpack (4.2.5.1) lib/action_dispatch/middleware/request_id.rb:21:in `call'
  rack (1.6.4) lib/rack/methodoverride.rb:22:in `call'
  rack (1.6.4) lib/rack/runtime.rb:18:in `call'
  activesupport (4.2.5.1) lib/active_support/cache/strategy/local_cache_middleware.rb:28:in `call'
  rack (1.6.4) lib/rack/lock.rb:17:in `call'
  actionpack (4.2.5.1) lib/action_dispatch/middleware/static.rb:116:in `call'
  rack (1.6.4) lib/rack/sendfile.rb:113:in `call'
  railties (4.2.5.1) lib/rails/engine.rb:518:in `call'
  railties (4.2.5.1) lib/rails/application.rb:165:in `call'
  rack (1.6.4) lib/rack/lock.rb:17:in `call'
  rack (1.6.4) lib/rack/content_length.rb:15:in `call'
  rack (1.6.4) lib/rack/handler/webrick.rb:88:in `service'
  /Users/irisbune/.rbenv/versions/2.2.1/lib/ruby/2.2.0/webrick/httpserver.rb:138:in `service'
  /Users/irisbune/.rbenv/versions/2.2.1/lib/ruby/2.2.0/webrick/httpserver.rb:94:in `run'
  /Users/irisbune/.rbenv/versions/2.2.1/lib/ruby/2.2.0/webrick/server.rb:294:in `block in start_thread'


  Rendered /Users/irisbune/.rbenv/versions/2.2.1/lib/ruby/gems/2.2.0/gems/actionpack-4.2.5.1/lib/action_dispatch/middleware/templates/rescues/_trace.html.erb (2.0ms)
  Rendered /Users/irisbune/.rbenv/versions/2.2.1/lib/ruby/gems/2.2.0/gems/actionpack-4.2.5.1/lib/action_dispatch/middleware/templates/routes/_route.html.erb (1.6ms)
  Rendered /Users/irisbune/.rbenv/versions/2.2.1/lib/ruby/gems/2.2.0/gems/actionpack-4.2.5.1/lib/action_dispatch/middleware/templates/routes/_table.html.erb (11.4ms)
  Rendered /Users/irisbune/.rbenv/versions/2.2.1/lib/ruby/gems/2.2.0/gems/actionpack-4.2.5.1/lib/action_dispatch/middleware/templates/rescues/_request_and_response.html.erb (1.3ms)
  Rendered /Users/irisbune/.rbenv/versions/2.2.1/lib/ruby/gems/2.2.0/gems/actionpack-4.2.5.1/lib/action_dispatch/middleware/templates/rescues/routing_error.html.erb within rescues/layout (125.6ms)
  Rendered /Users/irisbune/.rbenv/versions/2.2.1/lib/ruby/gems/2.2.0/gems/web-console-2.3.0/lib/web_console/templates/_markup.html.erb (0.5ms)
  Rendered /Users/irisbune/.rbenv/versions/2.2.1/lib/ruby/gems/2.2.0/gems/web-console-2.3.0/lib/web_console/templates/_inner_console_markup.html.erb within layouts/inlined_string (0.3ms)
  Rendered /Users/irisbune/.rbenv/versions/2.2.1/lib/ruby/gems/2.2.0/gems/web-console-2.3.0/lib/web_console/templates/_prompt_box_markup.html.erb within layouts/inlined_string (0.4ms)
  Rendered /Users/irisbune/.rbenv/versions/2.2.1/lib/ruby/gems/2.2.0/gems/web-console-2.3.0/lib/web_console/templates/style.css.erb within layouts/inlined_string (0.4ms)
  Rendered /Users/irisbune/.rbenv/versions/2.2.1/lib/ruby/gems/2.2.0/gems/web-console-2.3.0/lib/web_console/templates/console.js.erb within layouts/javascript (80.9ms)
  Rendered /Users/irisbune/.rbenv/versions/2.2.1/lib/ruby/gems/2.2.0/gems/web-console-2.3.0/lib/web_console/templates/main.js.erb within layouts/javascript (0.4ms)
  Rendered /Users/irisbune/.rbenv/versions/2.2.1/lib/ruby/gems/2.2.0/gems/web-console-2.3.0/lib/web_console/templates/error_page.js.erb within layouts/javascript (0.4ms)
  Rendered /Users/irisbune/.rbenv/versions/2.2.1/lib/ruby/gems/2.2.0/gems/web-console-2.3.0/lib/web_console/templates/index.html.erb (173.2ms)


Started GET "/companies/sign_in" for ::1 at 2016-03-04 11:54:43 +0100
Processing by Devise::SessionsController#new as HTML
  Rendered /Users/irisbune/.rbenv/versions/2.2.1/lib/ruby/gems/2.2.0/gems/devise-3.5.6/app/views/devise/shared/_links.html.erb (11.4ms)
  Rendered /Users/irisbune/.rbenv/versions/2.2.1/lib/ruby/gems/2.2.0/gems/devise-3.5.6/app/views/devise/sessions/new.html.erb within layouts/application (34.9ms)
Completed 200 OK in 1242ms (Views: 1222.1ms | ActiveRecord: 2.6ms)


Started GET "/assets/application.self-e80e8f2318043e8af94dddc2adad5a4f09739a8ebb323b3ab31cd71d45fd9113.css?body=1" for ::1 at 2016-03-04 11:54:45 +0100


Started GET "/assets/turbolinks.self-c37727e9bd6b2735da5c311aa83fead54ed0be6cc8bd9a65309e9c5abe2cbfff.js?body=1" for ::1 at 2016-03-04 11:54:45 +0100


Started GET "/assets/jquery_ujs.self-d602bdfe68ffc63b9f9cc512872aa3cfff046228a0a36e90dd476e8ef54c1b09.js?body=1" for ::1 at 2016-03-04 11:54:45 +0100


Started GET "/assets/application.self-3b8dabdc891efe46b9a144b400ad69e37d7e5876bdc39dee783419a69d7ca819.js?body=1" for ::1 at 2016-03-04 11:54:45 +0100


Started GET "/assets/jquery.self-c64a74367bda6ef8b860f19e74df08927ca99d2be2ac934e9e92d5fd361e0da4.js?body=1" for ::1 at 2016-03-04 11:54:45 +0100


Started GET "/companies/sign_in" for ::1 at 2016-03-04 11:54:48 +0100
Processing by Devise::SessionsController#new as HTML
  Rendered /Users/irisbune/.rbenv/versions/2.2.1/lib/ruby/gems/2.2.0/gems/devise-3.5.6/app/views/devise/shared/_links.html.erb (4.4ms)
  Rendered /Users/irisbune/.rbenv/versions/2.2.1/lib/ruby/gems/2.2.0/gems/devise-3.5.6/app/views/devise/sessions/new.html.erb within layouts/application (12.3ms)
Completed 200 OK in 32ms (Views: 30.6ms | ActiveRecord: 0.0ms)


Started POST "/companies/sign_in" for ::1 at 2016-03-04 11:54:57 +0100
Processing by Devise::SessionsController#create as HTML
  Parameters: {"utf8"=>"✓", "authenticity_token"=>"IEphvueq5UKSFFteaL8KVkdH/MTocT8kMbE+fAU7GAXegk5psOLmwyXkNlrHi+/gGZAK/FN/VB4lMM1zkGK78Q==", "company"=>{"email"=>"111@111.nl", "password"=>"[FILTERED]", "remember_me"=>"0"}, "commit"=>"Log in"}
  [1m[35mCompany Load (0.6ms)[0m  SELECT  "companies".* FROM "companies" WHERE "companies"."email" = $1  ORDER BY "companies"."id" ASC LIMIT 1  [["email", "111@111.nl"]]
Completed 401 Unauthorized in 12ms (ActiveRecord: 0.8ms)
Processing by Devise::SessionsController#new as HTML
  Parameters: {"utf8"=>"✓", "authenticity_token"=>"IEphvueq5UKSFFteaL8KVkdH/MTocT8kMbE+fAU7GAXegk5psOLmwyXkNlrHi+/gGZAK/FN/VB4lMM1zkGK78Q==", "company"=>{"email"=>"111@111.nl", "password"=>"[FILTERED]", "remember_me"=>"0"}, "commit"=>"Log in"}
  Rendered /Users/irisbune/.rbenv/versions/2.2.1/lib/ruby/gems/2.2.0/gems/devise-3.5.6/app/views/devise/shared/_links.html.erb (4.9ms)
  Rendered /Users/irisbune/.rbenv/versions/2.2.1/lib/ruby/gems/2.2.0/gems/devise-3.5.6/app/views/devise/sessions/new.html.erb within layouts/application (13.5ms)
Completed 200 OK in 149ms (Views: 62.7ms | ActiveRecord: 0.0ms)


Started GET "/companies/sign_up" for ::1 at 2016-03-04 11:55:09 +0100
Processing by Devise::RegistrationsController#new as HTML
  Rendered /Users/irisbune/.rbenv/versions/2.2.1/lib/ruby/gems/2.2.0/gems/devise-3.5.6/app/views/devise/shared/_links.html.erb (4.0ms)
  Rendered /Users/irisbune/.rbenv/versions/2.2.1/lib/ruby/gems/2.2.0/gems/devise-3.5.6/app/views/devise/registrations/new.html.erb within layouts/application (15.2ms)
Completed 200 OK in 48ms (Views: 45.7ms | ActiveRecord: 0.0ms)


Started POST "/companies" for ::1 at 2016-03-04 11:55:28 +0100
Processing by Devise::RegistrationsController#create as HTML
  Parameters: {"utf8"=>"✓", "authenticity_token"=>"b1+0qHUz02z6aynO3Gvy7e9yaUtchvaVZLxbkQstefmRl5t/InvQ7U2bRMpzXxdbsaWfc+eIna9wPaiennTaDQ==", "company"=>{"email"=>"111@111.nl", "password"=>"[FILTERED]", "password_confirmation"=>"[FILTERED]"}, "commit"=>"Sign up"}
  [1m[36m (0.2ms)[0m  [1mBEGIN[0m
  [1m[35mCompany Exists (0.4ms)[0m  SELECT  1 AS one FROM "companies" WHERE "companies"."email" = '111@111.nl' LIMIT 1
  [1m[36mSQL (0.6ms)[0m  [1mINSERT INTO "companies" ("email", "encrypted_password", "created_at", "updated_at") VALUES ($1, $2, $3, $4) RETURNING "id"[0m  [["email", "111@111.nl"], ["encrypted_password", "$2a$10$Oi5ckjnOpUP8b5CB.iRDNebJS5VwEgikjxiVin6nVilAuoPGyrbpS"], ["created_at", "2016-03-04 10:55:28.751586"], ["updated_at", "2016-03-04 10:55:28.751586"]]
  [1m[35m (6.2ms)[0m  COMMIT
  [1m[36m (0.2ms)[0m  [1mBEGIN[0m
  [1m[35mSQL (0.4ms)[0m  UPDATE "companies" SET "last_sign_in_at" = $1, "current_sign_in_at" = $2, "last_sign_in_ip" = $3, "current_sign_in_ip" = $4, "sign_in_count" = $5, "updated_at" = $6 WHERE "companies"."id" = $7  [["last_sign_in_at", "2016-03-04 10:55:28.761118"], ["current_sign_in_at", "2016-03-04 10:55:28.761118"], ["last_sign_in_ip", "::1/128"], ["current_sign_in_ip", "::1/128"], ["sign_in_count", 1], ["updated_at", "2016-03-04 10:55:28.762459"], ["id", 1]]
  [1m[36m (6.2ms)[0m  [1mCOMMIT[0m
Redirected to http://localhost:3000/
Completed 302 Found in 121ms (ActiveRecord: 14.0ms)


Started GET "/" for ::1 at 2016-03-04 11:55:28 +0100
Processing by Rails::WelcomeController#index as HTML
  Rendered /Users/irisbune/.rbenv/versions/2.2.1/lib/ruby/gems/2.2.0/gems/railties-4.2.5.1/lib/rails/templates/rails/welcome/index.html.erb (0.0ms)
Completed 200 OK in 3ms (Views: 2.7ms | ActiveRecord: 0.0ms)
  [1m[36mActiveRecord::SchemaMigration Load (0.4ms)[0m  [1mSELECT "schema_migrations".* FROM "schema_migrations"[0m
Migrating to CreateCompanyProfiles (20160304110243)
  [1m[35m (0.1ms)[0m  BEGIN
  [1m[36m (15.4ms)[0m  [1mCREATE TABLE "company_profiles" ("id" serial primary key, "name" character varying, "description" text, "size" character varying, "salary_indication" character varying, "jr_sr_ratio" character varying, "company_id" integer, "created_at" timestamp NOT NULL, "updated_at" timestamp NOT NULL) [0m
  [1m[35m (0.7ms)[0m  CREATE  INDEX  "index_company_profiles_on_company_id" ON "company_profiles"  ("company_id")
  [1m[36m (2.0ms)[0m  [1mALTER TABLE "company_profiles" ADD CONSTRAINT "fk_rails_3ce005a2f3"
FOREIGN KEY ("company_id")
  REFERENCES "companies" ("id")
[0m
  [1m[35mSQL (0.2ms)[0m  INSERT INTO "schema_migrations" ("version") VALUES ($1)  [["version", "20160304110243"]]
  [1m[36m (1.0ms)[0m  [1mCOMMIT[0m
  [1m[35mActiveRecord::SchemaMigration Load (0.2ms)[0m  SELECT "schema_migrations".* FROM "schema_migrations"
  [1m[36m (2.2ms)[0m  [1mSELECT t2.oid::regclass::text AS to_table, a1.attname AS column, a2.attname AS primary_key, c.conname AS name, c.confupdtype AS on_update, c.confdeltype AS on_delete
FROM pg_constraint c
JOIN pg_class t1 ON c.conrelid = t1.oid
JOIN pg_class t2 ON c.confrelid = t2.oid
JOIN pg_attribute a1 ON a1.attnum = c.conkey[1] AND a1.attrelid = t1.oid
JOIN pg_attribute a2 ON a2.attnum = c.confkey[1] AND a2.attrelid = t2.oid
JOIN pg_namespace t3 ON c.connamespace = t3.oid
WHERE c.contype = 'f'
  AND t1.relname = 'companies'
  AND t3.nspname = ANY (current_schemas(false))
ORDER BY c.conname
[0m
  [1m[35m (2.6ms)[0m  SELECT t2.oid::regclass::text AS to_table, a1.attname AS column, a2.attname AS primary_key, c.conname AS name, c.confupdtype AS on_update, c.confdeltype AS on_delete
FROM pg_constraint c
JOIN pg_class t1 ON c.conrelid = t1.oid
JOIN pg_class t2 ON c.confrelid = t2.oid
JOIN pg_attribute a1 ON a1.attnum = c.conkey[1] AND a1.attrelid = t1.oid
JOIN pg_attribute a2 ON a2.attnum = c.confkey[1] AND a2.attrelid = t2.oid
JOIN pg_namespace t3 ON c.connamespace = t3.oid
WHERE c.contype = 'f'
  AND t1.relname = 'company_profiles'
  AND t3.nspname = ANY (current_schemas(false))
ORDER BY c.conname



Started GET "/" for ::1 at 2016-03-04 12:08:25 +0100
  [1m[35mActiveRecord::SchemaMigration Load (0.8ms)[0m  SELECT "schema_migrations".* FROM "schema_migrations"
Processing by CompanyProfilesController#index as HTML
Completed 500 Internal Server Error in 4ms (ActiveRecord: 0.0ms)

NameError (uninitialized constant CompanyProfilesController::CompanyProfiles):
  app/controllers/company_profiles_controller.rb:4:in `index'


  Rendered /Users/irisbune/.rbenv/versions/2.2.1/lib/ruby/gems/2.2.0/gems/actionpack-4.2.5.1/lib/action_dispatch/middleware/templates/rescues/_source.erb (5.2ms)
  Rendered /Users/irisbune/.rbenv/versions/2.2.1/lib/ruby/gems/2.2.0/gems/actionpack-4.2.5.1/lib/action_dispatch/middleware/templates/rescues/_trace.html.erb (2.9ms)
  Rendered /Users/irisbune/.rbenv/versions/2.2.1/lib/ruby/gems/2.2.0/gems/actionpack-4.2.5.1/lib/action_dispatch/middleware/templates/rescues/_request_and_response.html.erb (1.1ms)
  Rendered /Users/irisbune/.rbenv/versions/2.2.1/lib/ruby/gems/2.2.0/gems/actionpack-4.2.5.1/lib/action_dispatch/middleware/templates/rescues/diagnostics.html.erb within rescues/layout (83.9ms)
  Rendered /Users/irisbune/.rbenv/versions/2.2.1/lib/ruby/gems/2.2.0/gems/web-console-2.3.0/lib/web_console/templates/_markup.html.erb (0.4ms)
  Rendered /Users/irisbune/.rbenv/versions/2.2.1/lib/ruby/gems/2.2.0/gems/web-console-2.3.0/lib/web_console/templates/_inner_console_markup.html.erb within layouts/inlined_string (0.4ms)
  Rendered /Users/irisbune/.rbenv/versions/2.2.1/lib/ruby/gems/2.2.0/gems/web-console-2.3.0/lib/web_console/templates/_prompt_box_markup.html.erb within layouts/inlined_string (0.3ms)
  Rendered /Users/irisbune/.rbenv/versions/2.2.1/lib/ruby/gems/2.2.0/gems/web-console-2.3.0/lib/web_console/templates/style.css.erb within layouts/inlined_string (0.5ms)
  Rendered /Users/irisbune/.rbenv/versions/2.2.1/lib/ruby/gems/2.2.0/gems/web-console-2.3.0/lib/web_console/templates/console.js.erb within layouts/javascript (72.2ms)
  Rendered /Users/irisbune/.rbenv/versions/2.2.1/lib/ruby/gems/2.2.0/gems/web-console-2.3.0/lib/web_console/templates/main.js.erb within layouts/javascript (0.4ms)
  Rendered /Users/irisbune/.rbenv/versions/2.2.1/lib/ruby/gems/2.2.0/gems/web-console-2.3.0/lib/web_console/templates/error_page.js.erb within layouts/javascript (0.5ms)
  Rendered /Users/irisbune/.rbenv/versions/2.2.1/lib/ruby/gems/2.2.0/gems/web-console-2.3.0/lib/web_console/templates/index.html.erb (161.7ms)


Started GET "/" for ::1 at 2016-03-04 12:08:52 +0100
Processing by CompanyProfilesController#index as HTML
Completed 500 Internal Server Error in 2ms (ActiveRecord: 0.0ms)

NameError (uninitialized constant CompanyProfilesController::Company_Profiles):
  app/controllers/company_profiles_controller.rb:4:in `index'


  Rendered /Users/irisbune/.rbenv/versions/2.2.1/lib/ruby/gems/2.2.0/gems/actionpack-4.2.5.1/lib/action_dispatch/middleware/templates/rescues/_source.erb (5.5ms)
  Rendered /Users/irisbune/.rbenv/versions/2.2.1/lib/ruby/gems/2.2.0/gems/actionpack-4.2.5.1/lib/action_dispatch/middleware/templates/rescues/_trace.html.erb (2.4ms)
  Rendered /Users/irisbune/.rbenv/versions/2.2.1/lib/ruby/gems/2.2.0/gems/actionpack-4.2.5.1/lib/action_dispatch/middleware/templates/rescues/_request_and_response.html.erb (1.2ms)
  Rendered /Users/irisbune/.rbenv/versions/2.2.1/lib/ruby/gems/2.2.0/gems/actionpack-4.2.5.1/lib/action_dispatch/middleware/templates/rescues/diagnostics.html.erb within rescues/layout (85.0ms)
  Rendered /Users/irisbune/.rbenv/versions/2.2.1/lib/ruby/gems/2.2.0/gems/web-console-2.3.0/lib/web_console/templates/_markup.html.erb (0.5ms)
  Rendered /Users/irisbune/.rbenv/versions/2.2.1/lib/ruby/gems/2.2.0/gems/web-console-2.3.0/lib/web_console/templates/_inner_console_markup.html.erb within layouts/inlined_string (0.4ms)
  Rendered /Users/irisbune/.rbenv/versions/2.2.1/lib/ruby/gems/2.2.0/gems/web-console-2.3.0/lib/web_console/templates/_prompt_box_markup.html.erb within layouts/inlined_string (0.3ms)
  Rendered /Users/irisbune/.rbenv/versions/2.2.1/lib/ruby/gems/2.2.0/gems/web-console-2.3.0/lib/web_console/templates/style.css.erb within layouts/inlined_string (0.4ms)
  Rendered /Users/irisbune/.rbenv/versions/2.2.1/lib/ruby/gems/2.2.0/gems/web-console-2.3.0/lib/web_console/templates/console.js.erb within layouts/javascript (68.1ms)
  Rendered /Users/irisbune/.rbenv/versions/2.2.1/lib/ruby/gems/2.2.0/gems/web-console-2.3.0/lib/web_console/templates/main.js.erb within layouts/javascript (0.3ms)
  Rendered /Users/irisbune/.rbenv/versions/2.2.1/lib/ruby/gems/2.2.0/gems/web-console-2.3.0/lib/web_console/templates/error_page.js.erb within layouts/javascript (0.4ms)
  Rendered /Users/irisbune/.rbenv/versions/2.2.1/lib/ruby/gems/2.2.0/gems/web-console-2.3.0/lib/web_console/templates/index.html.erb (151.6ms)


Started GET "/" for ::1 at 2016-03-04 12:09:03 +0100
Processing by CompanyProfilesController#index as HTML
  Rendered company_profiles/index.html.erb within layouts/application (0.4ms)
Completed 200 OK in 321ms (Views: 315.3ms | ActiveRecord: 0.0ms)


Started GET "/assets/companies.self-e3b0c44298fc1c149afbf4c8996fb92427ae41e4649b934ca495991b7852b855.css?body=1" for ::1 at 2016-03-04 12:09:03 +0100


Started GET "/assets/jquery.self-c64a74367bda6ef8b860f19e74df08927ca99d2be2ac934e9e92d5fd361e0da4.js?body=1" for ::1 at 2016-03-04 12:09:03 +0100


Started GET "/assets/company_profiles.self-e3b0c44298fc1c149afbf4c8996fb92427ae41e4649b934ca495991b7852b855.css?body=1" for ::1 at 2016-03-04 12:09:03 +0100


Started GET "/assets/jquery_ujs.self-d602bdfe68ffc63b9f9cc512872aa3cfff046228a0a36e90dd476e8ef54c1b09.js?body=1" for ::1 at 2016-03-04 12:09:03 +0100


Started GET "/assets/turbolinks.self-c37727e9bd6b2735da5c311aa83fead54ed0be6cc8bd9a65309e9c5abe2cbfff.js?body=1" for ::1 at 2016-03-04 12:09:03 +0100


Started GET "/assets/application.self-e80e8f2318043e8af94dddc2adad5a4f09739a8ebb323b3ab31cd71d45fd9113.css?body=1" for ::1 at 2016-03-04 12:09:03 +0100


Started GET "/assets/companies.self-877aef30ae1b040ab8a3aba4e3e309a11d7f2612f44dde450b5c157aa5f95c05.js?body=1" for ::1 at 2016-03-04 12:09:03 +0100


Started GET "/assets/company_profiles.self-877aef30ae1b040ab8a3aba4e3e309a11d7f2612f44dde450b5c157aa5f95c05.js?body=1" for ::1 at 2016-03-04 12:09:03 +0100


Started GET "/assets/application.self-3b8dabdc891efe46b9a144b400ad69e37d7e5876bdc39dee783419a69d7ca819.js?body=1" for ::1 at 2016-03-04 12:09:03 +0100
  [1m[36mActiveRecord::SchemaMigration Load (0.4ms)[0m  [1mSELECT "schema_migrations".* FROM "schema_migrations"[0m
  [1m[35m (0.2ms)[0m  BEGIN
  [1m[36mCompany Exists (0.8ms)[0m  [1mSELECT  1 AS one FROM "companies" WHERE "companies"."email" = 'fake@fakenike.nl' LIMIT 1[0m
  [1m[35mSQL (0.4ms)[0m  INSERT INTO "companies" ("email", "encrypted_password", "created_at", "updated_at") VALUES ($1, $2, $3, $4) RETURNING "id"  [["email", "fake@fakenike.nl"], ["encrypted_password", "$2a$10$uIuRxusYj5ph3BQAZn0VR.ThmEmfJFW191KjVlMW.jGciAxK88nqO"], ["created_at", "2016-03-04 11:17:09.604645"], ["updated_at", "2016-03-04 11:17:09.604645"]]
  [1m[36m (11.6ms)[0m  [1mCOMMIT[0m
  [1m[35m (0.2ms)[0m  BEGIN
  [1m[36mCompany Exists (0.3ms)[0m  [1mSELECT  1 AS one FROM "companies" WHERE "companies"."email" = 'kpn@fakekpn.nl' LIMIT 1[0m
  [1m[35mSQL (0.2ms)[0m  INSERT INTO "companies" ("email", "encrypted_password", "created_at", "updated_at") VALUES ($1, $2, $3, $4) RETURNING "id"  [["email", "kpn@fakekpn.nl"], ["encrypted_password", "$2a$10$aCwe9yh6n65Y2rR3wDVD8OTbLKBImFuPsRT/ZkZZVRGhR2qXddDku"], ["created_at", "2016-03-04 11:17:09.694882"], ["updated_at", "2016-03-04 11:17:09.694882"]]
  [1m[36m (0.5ms)[0m  [1mCOMMIT[0m
  [1m[35m (0.2ms)[0m  BEGIN
  [1m[36mCompany Exists (0.3ms)[0m  [1mSELECT  1 AS one FROM "companies" WHERE "companies"."email" = 'nos@fakenos.nl' LIMIT 1[0m
  [1m[35mSQL (0.2ms)[0m  INSERT INTO "companies" ("email", "encrypted_password", "created_at", "updated_at") VALUES ($1, $2, $3, $4) RETURNING "id"  [["email", "nos@fakenos.nl"], ["encrypted_password", "$2a$10$6ZUaBkys53Sk.9HOf7aaCOg8TW8ingDPb5dsDHxfbFluYqSfaN4sS"], ["created_at", "2016-03-04 11:17:09.770779"], ["updated_at", "2016-03-04 11:17:09.770779"]]
  [1m[36m (0.4ms)[0m  [1mCOMMIT[0m
  [1m[35m (0.2ms)[0m  BEGIN
  [1m[36mCompany Exists (0.3ms)[0m  [1mSELECT  1 AS one FROM "companies" WHERE "companies"."email" = 'smart@fakelight.nl' LIMIT 1[0m
  [1m[35mSQL (0.2ms)[0m  INSERT INTO "companies" ("email", "encrypted_password", "created_at", "updated_at") VALUES ($1, $2, $3, $4) RETURNING "id"  [["email", "smart@fakelight.nl"], ["encrypted_password", "$2a$10$qrm9k2YdeeOjlZrvzD03zOrtZIEJb5F/4v3ji5NZaGVaDFUb5BmIa"], ["created_at", "2016-03-04 11:17:09.846902"], ["updated_at", "2016-03-04 11:17:09.846902"]]
  [1m[36m (0.4ms)[0m  [1mCOMMIT[0m
  [1m[35m (0.1ms)[0m  BEGIN
  [1m[36mSQL (0.8ms)[0m  [1mINSERT INTO "company_profiles" ("name", "description", "size", "salary_indication", "jr_sr_ratio", "company_id", "created_at", "updated_at") VALUES ($1, $2, $3, $4, $5, $6, $7, $8) RETURNING "id"[0m  [["name", "Nike"], ["description", "Listicle street art cred pitchfork lomo, craft beer hella selvage kombucha flexitarian heirloom pork belly synth four dollar toast. Actually tilde flannel put a bird on it narwhal kinfolk. Echo park 8-bit vice, truffaut brunch ethical art party flannel mixtape gentrify yr. Synth yuccie XOXO hella PBR&B keytar. Man braid bitters trust fund hammock. Kitsch lo-fi butcher, raw denim church-key shabby chic DIY sustainable polaroid vegan locavore before they sold out chia plaid. Plaid distillery beard, shabby chic bushwick kombucha venmo wayfarers austin."], ["size", "> 100"], ["salary_indication", "2200 - 2400"], ["jr_sr_ratio", "4 / 10"], ["company_id", 2], ["created_at", "2016-03-04 11:17:09.861191"], ["updated_at", "2016-03-04 11:17:09.861191"]]
  [1m[35m (0.3ms)[0m  COMMIT
  [1m[36m (0.1ms)[0m  [1mBEGIN[0m
  [1m[35mSQL (0.3ms)[0m  INSERT INTO "company_profiles" ("name", "description", "size", "salary_indication", "jr_sr_ratio", "company_id", "created_at", "updated_at") VALUES ($1, $2, $3, $4, $5, $6, $7, $8) RETURNING "id"  [["name", "KPN"], ["description", "Put a bird on it mumblecore craft beer, green juice cliche hammock gluten-free keytar distillery XOXO post-ironic aesthetic. 8-bit PBR&B slow-carb fashion axe. Offal seitan flexitarian PBR&B franzen. Offal narwhal meditation crucifix, put a bird on it health goth wolf. Heirloom ramps trust fund, put a bird on it 90's kogi fashion axe paleo 3 wolf moon stumptown godard leggings wayfarers tousled authentic. Kombucha four dollar toast banh mi mixtape trust fund everyday carry, vice affogato. Try-hard artisan irony, deep v twee kogi humblebrag fap hoodie pop-up."], ["size", "> 100"], ["salary_indication", "2400 - 2600"], ["jr_sr_ratio", "6 / 10"], ["company_id", 3], ["created_at", "2016-03-04 11:17:09.864416"], ["updated_at", "2016-03-04 11:17:09.864416"]]
  [1m[36m (0.3ms)[0m  [1mCOMMIT[0m
  [1m[35m (0.1ms)[0m  BEGIN
  [1m[36mSQL (0.3ms)[0m  [1mINSERT INTO "company_profiles" ("name", "description", "size", "salary_indication", "jr_sr_ratio", "company_id", "created_at", "updated_at") VALUES ($1, $2, $3, $4, $5, $6, $7, $8) RETURNING "id"[0m  [["name", "NOS"], ["description", "Celiac chambray banjo +1 waistcoat squid. Beard migas food truck, affogato marfa portland disrupt biodiesel microdosing heirloom art party before they sold out forage. Quinoa intelligentsia PBR&B irony raw denim, before they sold out venmo sartorial chillwave microdosing whatever try-hard seitan. Quinoa VHS ugh butcher kale chips direct trade. Drinking vinegar four dollar toast lomo beard hoodie kickstarter, fanny pack master cleanse meditation poutine celiac you probably haven't heard of them jean shorts tilde tote bag. Banh mi gentrify chia, 3 wolf moon brunch mixtape authentic squid tumblr craft beer. Brooklyn retro polaroid hashtag."], ["size", "10 - 50"], ["salary_indication", "2000 - 2200"], ["jr_sr_ratio", "4 / 6"], ["company_id", 4], ["created_at", "2016-03-04 11:17:09.866798"], ["updated_at", "2016-03-04 11:17:09.866798"]]
  [1m[35m (0.3ms)[0m  COMMIT
  [1m[36m (0.1ms)[0m  [1mBEGIN[0m
  [1m[35mSQL (0.3ms)[0m  INSERT INTO "company_profiles" ("name", "description", "size", "salary_indication", "jr_sr_ratio", "company_id", "created_at", "updated_at") VALUES ($1, $2, $3, $4, $5, $6, $7, $8) RETURNING "id"  [["name", "Smart Light"], ["description", "Franzen scenester leggings commodo master cleanse, seitan mixtape. Kinfolk art party kickstarter biodiesel excepteur nisi, mollit leggings cupidatat fugiat gentrify velit tote bag et. Echo park pork belly tousled pitchfork, viral fanny pack VHS selfies. Deserunt mixtape aute semiotics, dreamcatcher organic occupy franzen tilde est fingerstache post-ironic deep v pickled salvia. Pariatur retro incididunt asymmetrical hashtag health goth. Health goth tote bag blog hoodie. Nisi irony tempor brooklyn locavore."], ["size", "0 - 10"], ["salary_indication", "> 2000"], ["jr_sr_ratio", "1 / 3"], ["company_id", 5], ["created_at", "2016-03-04 11:17:09.869025"], ["updated_at", "2016-03-04 11:17:09.869025"]]
  [1m[36m (0.4ms)[0m  [1mCOMMIT[0m


Started GET "/" for ::1 at 2016-03-04 12:17:14 +0100
Processing by CompanyProfilesController#index as HTML
  Rendered company_profiles/index.html.erb within layouts/application (0.1ms)
Completed 200 OK in 28ms (Views: 25.6ms | ActiveRecord: 0.0ms)


Started GET "/assets/companies.self-e3b0c44298fc1c149afbf4c8996fb92427ae41e4649b934ca495991b7852b855.css?body=1" for ::1 at 2016-03-04 12:17:14 +0100


Started GET "/assets/company_profiles.self-e3b0c44298fc1c149afbf4c8996fb92427ae41e4649b934ca495991b7852b855.css?body=1" for ::1 at 2016-03-04 12:17:14 +0100


Started GET "/assets/jquery_ujs.self-d602bdfe68ffc63b9f9cc512872aa3cfff046228a0a36e90dd476e8ef54c1b09.js?body=1" for ::1 at 2016-03-04 12:17:14 +0100


Started GET "/assets/turbolinks.self-c37727e9bd6b2735da5c311aa83fead54ed0be6cc8bd9a65309e9c5abe2cbfff.js?body=1" for ::1 at 2016-03-04 12:17:14 +0100


Started GET "/assets/application.self-e80e8f2318043e8af94dddc2adad5a4f09739a8ebb323b3ab31cd71d45fd9113.css?body=1" for ::1 at 2016-03-04 12:17:14 +0100


Started GET "/assets/jquery.self-c64a74367bda6ef8b860f19e74df08927ca99d2be2ac934e9e92d5fd361e0da4.js?body=1" for ::1 at 2016-03-04 12:17:14 +0100


Started GET "/assets/companies.self-877aef30ae1b040ab8a3aba4e3e309a11d7f2612f44dde450b5c157aa5f95c05.js?body=1" for ::1 at 2016-03-04 12:17:14 +0100


Started GET "/assets/application.self-3b8dabdc891efe46b9a144b400ad69e37d7e5876bdc39dee783419a69d7ca819.js?body=1" for ::1 at 2016-03-04 12:17:14 +0100


Started GET "/assets/company_profiles.self-877aef30ae1b040ab8a3aba4e3e309a11d7f2612f44dde450b5c157aa5f95c05.js?body=1" for ::1 at 2016-03-04 12:17:14 +0100
